日志文件: outputs/finetune_logs/finetune_20260515_171338.log
============================================================
  个体推进器微调 v2
  设备: cuda
  微调用文件: 12/SN  |  Epochs: 10  lr: 0.0002
  模式: Adapter 微调（冻结全部原始参数，仅训练~41K adapter params，零遗忘）
  损失: triple_loss (thrust+MFR+Isp, w_isp=0.15)
============================================================

============================================================
  微调数据量: 12 文件/SN
============================================================

  SN15: 微调 12  |  验证 3  |  测试 86
    全局: thr=0.0848 N  mfr=98.28 mg/s  isp=14.24 s
  Adapter 模型: 41,440/1,146,210 参数可训练 (3.6%)
      E  5/10  loss=38.804354  val=8.915963  best=5.703720@1
      E 10/10  loss=38.148573  val=10.191493  best=5.703720@1
      Early stop @10
    微调后: thr=0.1065 (-25.6%)  mfr=117.60 (-19.7%)  isp=12.21 (+14.3%)

============================================================
  结果汇总 (n_finetune=12)
============================================================
   SN    文件  Thrust Base           FT       改善   MFR Base         FT       改善
  ───  ────  ───────────  ───────────  ───────  ─────────  ─────────  ───────
  SN15    86  0.0848 N  0.1065 N   -25.6%    98.28   117.60   -19.7%
  ───  ────  ───────────  ───────────  ───────  ─────────  ─────────  ───────
  平均: thrust 改善 -25.6% ± 0.0% (t=nan, p=nan)
  汇总图 → outputs/figures/v2/finetune_improvement_n12.png
  ⚠️ 平均改善 -25.6% 较小，建议增大 n_finetune 或尝试 --unfreeze_all

============================================================
  完成。日志已保存至: outputs/finetune_logs/finetune_20260515_171338.log
============================================================
