日志文件: outputs/finetune_logs/finetune_20260515_090017.log
============================================================
  个体推进器微调 v2
  设备: cuda
  微调用文件: 12/SN  |  Epochs: 5  lr: 0.0002
  模式: 冻结 LSTM 仅，Attention 可训练
  混合回放: 30% 背景 (分层, max 12 文件)
  EWC: λ=10.0, Fisher bg_files=12
============================================================

============================================================
  计算 EWC Fisher 对角 (λ=10.0)...
============================================================
  背景数据: 11 文件, 7543 窗口, 涵盖 11/11 test_modes
  Fisher 计算完成: 200 批次, min=0.0000, max=38649.9766
    attention.in_proj_weight: mean=1.0000, std=12.4000
    attention.in_proj_bias: mean=1.0000, std=27.5938
    attention.out_proj.weight: mean=1.0000, std=151.6572
    attention.out_proj.bias: mean=1.0000, std=13.1442
    ln.weight: mean=1.0000, std=15.1962
    ln.bias: mean=1.0000, std=14.8365
    fc.0.weight: mean=1.0000, std=20.1495
    fc.0.bias: mean=1.0000, std=2.0511
    fc.3.weight: mean=1.0000, std=0.9518
    fc.3.bias: mean=1.0000, std=0.3724
  EWC 准备就绪: 10 个参数组, Fisher 范围 [0.000, 38649.977]

============================================================
  微调数据量: 12 文件/SN  EWC λ=10.0  |
============================================================

  SN15: 微调 12  |  验证 3  |  测试 86
    全局: thr=0.0848 N  mfr=98.28 mg/s  isp=14.24 s
      E  5/5  loss=0.001623  task=0.001441  ewc=0.000182  val=0.000039  best=0.000039@4
    微调后: thr=0.0735 (+13.3%)  mfr=86.21 (+12.3%)  isp=14.58 (-2.4%)

============================================================
  结果汇总 (n_finetune=12 λ=10.0)
============================================================
   SN    文件  Thrust Base           FT       改善   MFR Base         FT       改善
  ───  ────  ───────────  ───────────  ───────  ─────────  ─────────  ───────
  SN15    86  0.0848 N  0.0735 N   +13.3%    98.28    86.21   +12.3%
  ───  ────  ───────────  ───────────  ───────  ─────────  ─────────  ───────
  平均: thrust 改善 +13.3% ± 0.0% (t=nan, p=nan)
  汇总图 → outputs/figures/v2/finetune_improvement_n12_ewc10.png

============================================================
  完成。日志已保存至: outputs/finetune_logs/finetune_20260515_090017.log
============================================================
