日志文件: outputs/finetune_logs/finetune_20260514_223331.log
============================================================
  个体推进器微调 v2
  设备: cuda
  微调用文件: 12/SN  |  Epochs: 30  lr: 0.0002
  模式: 冻结 LSTM 仅，Attention 可训练
  混合回放: 20% 背景 SN 数据
============================================================

============================================================
  微调数据量: 12 文件/SN
============================================================

  SN13: 微调 12  |  验证 3  |  测试 88
    全局: thr=0.0909 N  mfr=92.14 mg/s  isp=20.14 s
      E  5/30  loss=0.000103  val=0.002535  best=0.002468@0
      E 10/30  loss=0.000092  val=0.002319  best=0.002319@9
      E 15/30  loss=0.000088  val=0.002165  best=0.002165@14
      E 20/30  loss=0.000086  val=0.002045  best=0.002045@19
      E 25/30  loss=0.000083  val=0.001947  best=0.001934@23
      E 30/30  loss=0.000082  val=0.001914  best=0.001876@27
    微调后: thr=0.0753 (+17.2%)  mfr=54.26 (+41.1%)  isp=16.54 (+17.9%)
    遗忘检查: 全局均值=0.1426 → 微调后均值=0.2154  (ratio=1.510, 严重遗忘)

  SN14: 微调 12  |  验证 3  |  测试 84
    全局: thr=0.0876 N  mfr=41.37 mg/s  isp=16.70 s
      E  5/30  loss=0.000185  val=0.001684  best=0.001554@1
      E 10/30  loss=0.000178  val=0.001642  best=0.001554@1
      Early stop @10
