日志文件: outputs/finetune_logs/finetune_20260515_174930.log
============================================================
  个体推进器微调 v2
  设备: cuda
  微调用文件: 12/SN  |  Epochs: 10  lr: 0.0002
  模式: Adapter 微调（冻结全部原始参数，仅训练~41K adapter params，零遗忘）
  损失: triple_loss (thrust+MFR+Isp, w_isp=0.05)
============================================================

============================================================
  微调数据量: 12 文件/SN
============================================================

  SN13: 微调 12  |  验证 3  |  测试 88
    全局: thr=0.0909 N  mfr=92.14 mg/s  isp=20.14 s
  Adapter 模型: 41,440/1,146,210 参数可训练 (3.6%)
      E  5/10  loss=0.001405  val=0.003123  best=0.002880@2
      E 10/10  loss=0.001397  val=0.003308  best=0.002880@2
    微调后: thr=0.0801 (+11.9%)  mfr=62.68 (+32.0%)  isp=16.26 (+19.3%)
    遗忘检查: 全局均值=0.1426 → 微调后均值=0.2212  (ratio=1.551, 预期内（每SN独立adapter，base model 未变）)

  SN14: 微调 12  |  验证 3  |  测试 84
    全局: thr=0.0876 N  mfr=41.37 mg/s  isp=16.70 s
  Adapter 模型: 41,440/1,146,210 参数可训练 (3.6%)
      E  5/10  loss=0.001470  val=0.003208  best=0.003208@4
      E 10/10  loss=0.001464  val=0.003322  best=0.003208@4
    微调后: thr=0.0865 (+1.2%)  mfr=37.57 (+9.2%)  isp=16.20 (+3.0%)
    遗忘检查: 全局均值=0.1404 → 微调后均值=0.1972  (ratio=1.404, 预期内（每SN独立adapter，base model 未变）)

  SN15: 微调 12  |  验证 3  |  测试 86
    全局: thr=0.0848 N  mfr=98.28 mg/s  isp=14.24 s
  Adapter 模型: 41,440/1,146,210 参数可训练 (3.6%)
      E  5/10  loss=0.001886  val=0.000919  best=0.000670@1
      E 10/10  loss=0.001767  val=0.002280  best=0.000617@7
    微调后: thr=0.0712 (+16.1%)  mfr=81.79 (+16.8%)  isp=12.46 (+12.5%)
    遗忘检查: 全局均值=0.1387 → 微调后均值=0.4068  (ratio=2.934, 预期内（每SN独立adapter，base model 未变）)

  SN16: 微调 12  |  验证 3  |  测试 84
    全局: thr=0.0992 N  mfr=44.25 mg/s  isp=16.74 s
  Adapter 模型: 41,440/1,146,210 参数可训练 (3.6%)
      E  5/10  loss=0.001453  val=0.007012  best=0.002461@3
      E 10/10  loss=0.001451  val=0.003929  best=0.002461@3
    微调后: thr=0.0988 (+0.3%)  mfr=45.14 (-2.0%)  isp=16.29 (+2.7%)
    遗忘检查: 全局均值=0.1377 → 微调后均值=0.1853  (ratio=1.346, 预期内（每SN独立adapter，base model 未变）)

  SN17: 微调 12  |  验证 3  |  测试 85
    全局: thr=0.0908 N  mfr=41.44 mg/s  isp=16.80 s
  Adapter 模型: 41,440/1,146,210 参数可训练 (3.6%)
      E  5/10  loss=0.001456  val=0.004387  best=0.004331@2
      E 10/10  loss=0.001442  val=0.004348  best=0.004328@8
    微调后: thr=0.0902 (+0.6%)  mfr=38.36 (+7.4%)  isp=16.22 (+3.4%)
    遗忘检查: 全局均值=0.1386 → 微调后均值=0.1868  (ratio=1.347, 预期内（每SN独立adapter，base model 未变）)

  SN18: 微调 12  |  验证 3  |  测试 88
    全局: thr=0.0998 N  mfr=50.87 mg/s  isp=16.71 s
  Adapter 模型: 41,440/1,146,210 参数可训练 (3.6%)
      E  5/10  loss=0.001549  val=0.003504  best=0.003504@4
      E 10/10  loss=0.001538  val=0.003373  best=0.003182@8
    微调后: thr=0.0984 (+1.3%)  mfr=49.13 (+3.4%)  isp=16.25 (+2.8%)
    遗忘检查: 全局均值=0.1364 → 微调后均值=0.1870  (ratio=1.371, 预期内（每SN独立adapter，base model 未变）)

  SN19: 微调 12  |  验证 3  |  测试 86
    全局: thr=0.0982 N  mfr=45.81 mg/s  isp=16.64 s
  Adapter 模型: 41,440/1,146,210 参数可训练 (3.6%)
      E  5/10  loss=0.001638  val=0.002056  best=0.002056@4
      E 10/10  loss=0.001618  val=0.002057  best=0.002048@8
    微调后: thr=0.0970 (+1.2%)  mfr=44.52 (+2.8%)  isp=16.21 (+2.6%)
    遗忘检查: 全局均值=0.1376 → 微调后均值=0.1872  (ratio=1.361, 预期内（每SN独立adapter，base model 未变）)

  SN20: 微调 12  |  验证 3  |  测试 84
    全局: thr=0.0871 N  mfr=42.09 mg/s  isp=16.82 s
  Adapter 模型: 41,440/1,146,210 参数可训练 (3.6%)
      E  5/10  loss=0.001543  val=0.018423  best=0.004753@2
      E 10/10  loss=0.001537  val=0.003518  best=0.003486@7
    微调后: thr=0.0866 (+0.6%)  mfr=39.37 (+6.5%)  isp=16.27 (+3.3%)
    遗忘检查: 全局均值=0.1399 → 微调后均值=0.1923  (ratio=1.374, 预期内（每SN独立adapter，base model 未变）)

  SN21: 微调 12  |  验证 3  |  测试 82
    全局: thr=0.1033 N  mfr=51.88 mg/s  isp=16.77 s
  Adapter 模型: 41,440/1,146,210 参数可训练 (3.6%)
      E  5/10  loss=0.001448  val=0.007468  best=0.003386@2
      E 10/10  loss=0.001438  val=0.003280  best=0.003113@7
    微调后: thr=0.1017 (+1.5%)  mfr=50.06 (+3.5%)  isp=16.24 (+3.1%)
    遗忘检查: 全局均值=0.1365 → 微调后均值=0.1890  (ratio=1.385, 预期内（每SN独立adapter，base model 未变）)

  SN22: 微调 12  |  验证 3  |  测试 86
    全局: thr=0.0904 N  mfr=34.28 mg/s  isp=16.71 s
  Adapter 模型: 41,440/1,146,210 参数可训练 (3.6%)
      E  5/10  loss=0.001456  val=0.002267  best=0.002267@4
      E 10/10  loss=0.001449  val=0.002225  best=0.002225@9
    微调后: thr=0.0899 (+0.6%)  mfr=34.12 (+0.5%)  isp=16.24 (+2.8%)
    遗忘检查: 全局均值=0.1393 → 微调后均值=0.1878  (ratio=1.348, 预期内（每SN独立adapter，base model 未变）)

  SN23: 微调 12  |  验证 3  |  测试 84
    全局: thr=0.1447 N  mfr=144.36 mg/s  isp=17.03 s
  Adapter 模型: 41,440/1,146,210 参数可训练 (3.6%)
      E  5/10  loss=0.001939  val=0.016645  best=0.007645@0
      Early stop @9
    微调后: thr=0.1336 (+7.7%)  mfr=127.21 (+11.9%)  isp=16.37 (+3.9%)
    遗忘检查: 全局均值=0.1381 → 微调后均值=0.1952  (ratio=1.414, 预期内（每SN独立adapter，base model 未变）)

  SN24: 微调 12  |  验证 3  |  测试 89
    全局: thr=0.0903 N  mfr=36.76 mg/s  isp=16.65 s
  Adapter 模型: 41,440/1,146,210 参数可训练 (3.6%)
      E  5/10  loss=0.001477  val=0.002447  best=0.002081@3
      E 10/10  loss=0.001462  val=0.002011  best=0.002011@9
    微调后: thr=0.0901 (+0.2%)  mfr=37.32 (-1.5%)  isp=16.20 (+2.7%)
    遗忘检查: 全局均值=0.1387 → 微调后均值=0.1857  (ratio=1.339, 预期内（每SN独立adapter，base model 未变）)

============================================================
  结果汇总 (n_finetune=12)
============================================================
   SN    文件  Thrust Base           FT       改善   MFR Base         FT       改善
  ───  ────  ───────────  ───────────  ───────  ─────────  ─────────  ───────
  SN13    88  0.0909 N  0.0801 N   +11.9%    92.14    62.68   +32.0%
  SN14    84  0.0876 N  0.0865 N    +1.2%    41.37    37.57    +9.2%
  SN15    86  0.0848 N  0.0712 N   +16.1%    98.28    81.79   +16.8%
  SN16    84  0.0992 N  0.0988 N    +0.3%    44.25    45.14    -2.0%
  SN17    85  0.0908 N  0.0902 N    +0.6%    41.44    38.36    +7.4%
  SN18    88  0.0998 N  0.0984 N    +1.3%    50.87    49.13    +3.4%
  SN19    86  0.0982 N  0.0970 N    +1.2%    45.81    44.52    +2.8%
  SN20    84  0.0871 N  0.0866 N    +0.6%    42.09    39.37    +6.5%
  SN21    82  0.1033 N  0.1017 N    +1.5%    51.88    50.06    +3.5%
  SN22    86  0.0904 N  0.0899 N    +0.6%    34.28    34.12    +0.5%
  SN23    84  0.1447 N  0.1336 N    +7.7%   144.36   127.21   +11.9%
  SN24    89  0.0903 N  0.0901 N    +0.2%    36.76    37.32    -1.5%
  ───  ────  ───────────  ───────────  ───────  ─────────  ─────────  ───────
  平均: thrust 改善 +3.6% ± 5.1% (t=2.35, p=0.0386*)
  汇总图 → outputs/figures/v2/finetune_improvement_n12.png
  ⭐ 改善统计显著 (p=0.0386 < 0.1)

============================================================
  完成。日志已保存至: outputs/finetune_logs/finetune_20260515_174930.log
============================================================
