日志文件: outputs/finetune_logs/finetune_20260515_142140.log
============================================================
  个体推进器微调 v2
  设备: cuda
  微调用文件: 12/SN  |  Epochs: 10  lr: 0.0002
  模式: Adapter 微调（冻结全部原始参数，仅训练~41K adapter params，零遗忘）
============================================================

============================================================
  微调数据量: 12 文件/SN
============================================================

  SN13: 微调 12  |  验证 3  |  测试 88
    全局: thr=0.0909 N  mfr=92.14 mg/s  isp=20.14 s
  Adapter 模型: 41,440/1,146,210 参数可训练 (3.6%)
      E  5/10  loss=0.000116  val=0.002210  best=0.002195@2
      E 10/10  loss=0.000108  val=0.002131  best=0.002131@9
    微调后: thr=0.0771 (+15.1%)  mfr=58.28 (+36.7%)  isp=17.47 (+13.2%)
    遗忘检查: 全局均值=0.1426 → 微调后均值=0.2275  (ratio=1.595, 严重遗忘)

  SN14: 微调 12  |  验证 3  |  测试 84
    全局: thr=0.0876 N  mfr=41.37 mg/s  isp=16.70 s
  Adapter 模型: 41,440/1,146,210 参数可训练 (3.6%)
      E  5/10  loss=0.000187  val=0.001891  best=0.001891@4
      E 10/10  loss=0.000183  val=0.001596  best=0.001596@9
    微调后: thr=0.0865 (+1.2%)  mfr=36.73 (+11.2%)  isp=16.60 (+0.6%)
    遗忘检查: 全局均值=0.1404 → 微调后均值=0.2009  (ratio=1.431, 严重遗忘)

  SN15: 微调 12  |  验证 3  |  测试 86
    全局: thr=0.0848 N  mfr=98.28 mg/s  isp=14.24 s
  Adapter 模型: 41,440/1,146,210 参数可训练 (3.6%)
      E  5/10  loss=0.000541  val=0.000028  best=0.000027@3
      E 10/10  loss=0.000465  val=0.000026  best=0.000026@9
    微调后: thr=0.0663 (+21.8%)  mfr=76.87 (+21.8%)  isp=16.79 (-17.9%)
    遗忘检查: 全局均值=0.1387 → 微调后均值=0.4162  (ratio=3.002, 严重遗忘)

  SN16: 微调 12  |  验证 3  |  测试 84
    全局: thr=0.0992 N  mfr=44.25 mg/s  isp=16.74 s
  Adapter 模型: 41,440/1,146,210 参数可训练 (3.6%)
      E  5/10  loss=0.000173  val=0.001992  best=0.001360@0
      Early stop @9
    微调后: thr=0.0992 (-0.0%)  mfr=44.42 (-0.4%)  isp=16.74 (+0.0%)
    遗忘检查: 全局均值=0.1377 → 微调后均值=0.1851  (ratio=1.345, 严重遗忘)

  SN17: 微调 12  |  验证 3  |  测试 85
    全局: thr=0.0908 N  mfr=41.44 mg/s  isp=16.80 s
  Adapter 模型: 41,440/1,146,210 参数可训练 (3.6%)
      E  5/10  loss=0.000167  val=0.002411  best=0.002327@0
      Early stop @9
    微调后: thr=0.0909 (-0.1%)  mfr=38.43 (+7.3%)  isp=16.72 (+0.4%)
    遗忘检查: 全局均值=0.1386 → 微调后均值=0.1913  (ratio=1.380, 严重遗忘)

  SN18: 微调 12  |  验证 3  |  测试 88
    全局: thr=0.0998 N  mfr=50.87 mg/s  isp=16.71 s
  Adapter 模型: 41,440/1,146,210 参数可训练 (3.6%)
      E  5/10  loss=0.000231  val=0.001607  best=0.001607@4
      E 10/10  loss=0.000227  val=0.001396  best=0.001396@9
    微调后: thr=0.0979 (+1.8%)  mfr=48.01 (+5.6%)  isp=16.44 (+1.6%)
    遗忘检查: 全局均值=0.1364 → 微调后均值=0.1865  (ratio=1.368, 严重遗忘)

  SN19: 微调 12  |  验证 3  |  测试 86
    全局: thr=0.0982 N  mfr=45.81 mg/s  isp=16.64 s
  Adapter 模型: 41,440/1,146,210 参数可训练 (3.6%)
      E  5/10  loss=0.000347  val=0.000729  best=0.000687@0
      Early stop @9
    微调后: thr=0.0978 (+0.4%)  mfr=43.42 (+5.2%)  isp=16.65 (-0.0%)
    遗忘检查: 全局均值=0.1376 → 微调后均值=0.1868  (ratio=1.358, 严重遗忘)

  SN20: 微调 12  |  验证 3  |  测试 84
    全局: thr=0.0871 N  mfr=42.09 mg/s  isp=16.82 s
  Adapter 模型: 41,440/1,146,210 参数可训练 (3.6%)
      E  5/10  loss=0.000253  val=0.002463  best=0.002409@3
      E 10/10  loss=0.000250  val=0.002366  best=0.002366@9
    微调后: thr=0.0867 (+0.5%)  mfr=39.51 (+6.1%)  isp=16.67 (+0.9%)
    遗忘检查: 全局均值=0.1399 → 微调后均值=0.1942  (ratio=1.388, 严重遗忘)

  SN21: 微调 12  |  验证 3  |  测试 82
    全局: thr=0.1033 N  mfr=51.88 mg/s  isp=16.77 s
  Adapter 模型: 41,440/1,146,210 参数可训练 (3.6%)
      E  5/10  loss=0.000156  val=0.001658  best=0.001609@3
      E 10/10  loss=0.000148  val=0.001853  best=0.001609@3
    微调后: thr=0.1021 (+1.1%)  mfr=49.24 (+5.1%)  isp=16.60 (+1.0%)
    遗忘检查: 全局均值=0.1365 → 微调后均值=0.1891  (ratio=1.385, 严重遗忘)

  SN22: 微调 12  |  验证 3  |  测试 86
    全局: thr=0.0904 N  mfr=34.28 mg/s  isp=16.71 s
  Adapter 模型: 41,440/1,146,210 参数可训练 (3.6%)
      E  5/10  loss=0.000176  val=0.001959  best=0.001959@4
      E 10/10  loss=0.000172  val=0.001913  best=0.001876@8
    微调后: thr=0.0900 (+0.5%)  mfr=33.28 (+2.9%)  isp=16.51 (+1.2%)
    遗忘检查: 全局均值=0.1393 → 微调后均值=0.1899  (ratio=1.363, 严重遗忘)

  SN23: 微调 12  |  验证 3  |  测试 84
    全局: thr=0.1447 N  mfr=144.36 mg/s  isp=17.03 s
  Adapter 模型: 41,440/1,146,210 参数可训练 (3.6%)
      E  5/10  loss=0.000683  val=0.018635  best=0.010200@0
      Early stop @9
    微调后: thr=0.1306 (+9.8%)  mfr=121.60 (+15.8%)  isp=16.97 (+0.3%)
    遗忘检查: 全局均值=0.1381 → 微调后均值=0.1957  (ratio=1.418, 严重遗忘)

  SN24: 微调 12  |  验证 3  |  测试 89
    全局: thr=0.0903 N  mfr=36.76 mg/s  isp=16.65 s
  Adapter 模型: 41,440/1,146,210 参数可训练 (3.6%)
      E  5/10  loss=0.000179  val=0.000762  best=0.000762@4
      E 10/10  loss=0.000175  val=0.000748  best=0.000729@7
    微调后: thr=0.0897 (+0.6%)  mfr=36.53 (+0.6%)  isp=16.57 (+0.5%)
    遗忘检查: 全局均值=0.1387 → 微调后均值=0.1870  (ratio=1.348, 严重遗忘)

============================================================
  结果汇总 (n_finetune=12)
============================================================
   SN    文件  Thrust Base           FT       改善   MFR Base         FT       改善
  ───  ────  ───────────  ───────────  ───────  ─────────  ─────────  ───────
  SN13    88  0.0909 N  0.0771 N   +15.1%    92.14    58.28   +36.7%
  SN14    84  0.0876 N  0.0865 N    +1.2%    41.37    36.73   +11.2%
  SN15    86  0.0848 N  0.0663 N   +21.8%    98.28    76.87   +21.8%
  SN16    84  0.0992 N  0.0992 N    -0.0%    44.25    44.42    -0.4%
  SN17    85  0.0908 N  0.0909 N    -0.1%    41.44    38.43    +7.3%
  SN18    88  0.0998 N  0.0979 N    +1.8%    50.87    48.01    +5.6%
  SN19    86  0.0982 N  0.0978 N    +0.4%    45.81    43.42    +5.2%
  SN20    84  0.0871 N  0.0867 N    +0.5%    42.09    39.51    +6.1%
  SN21    82  0.1033 N  0.1021 N    +1.1%    51.88    49.24    +5.1%
  SN22    86  0.0904 N  0.0900 N    +0.5%    34.28    33.28    +2.9%
  SN23    84  0.1447 N  0.1306 N    +9.8%   144.36   121.60   +15.8%
  SN24    89  0.0903 N  0.0897 N    +0.6%    36.76    36.53    +0.6%
  ───  ────  ───────────  ───────────  ───────  ─────────  ─────────  ───────
  平均: thrust 改善 +4.4% ± 6.9% (t=2.10, p=0.0599)
  汇总图 → outputs/figures/v2/finetune_improvement_n12.png
  ⭐ 改善统计显著 (p=0.0599 < 0.1)

============================================================
  完成。日志已保存至: outputs/finetune_logs/finetune_20260515_142140.log
============================================================
