日志文件: outputs/finetune_logs/finetune_20260514_123619.log
============================================================
  个体推进器微调 v2
  设备: cuda
  微调用文件: 12/SN  |  Epochs: 30  lr: 0.0002
  模式: 冻结 LSTM+Attention
============================================================

============================================================
  微调数据量: 12 文件/SN
============================================================

  SN13: 微调 12  |  验证 3  |  测试 88
    全局: thr=0.0909 N  mfr=92.14 mg/s  isp=20.14 s
      E  5/30  loss=0.000114  val=0.002460  best=0.002412@3
      E 10/30  loss=0.000108  val=0.002411  best=0.002402@7
      E 15/30  loss=0.000104  val=0.002317  best=0.002248@13
      E 20/30  loss=0.000103  val=0.002190  best=0.002059@18
      E 25/30  loss=0.000100  val=0.002100  best=0.002039@23
      E 30/30  loss=0.000101  val=0.002027  best=0.001967@27
    微调后: thr=0.0761 (+16.3%)  mfr=56.72 (+38.4%)  isp=16.80 (+16.6%)
    遗忘检查: 全局均值=0.1426 → 微调后均值=0.2240  (ratio=1.571, 严重遗忘)

  SN14: 微调 12  |  验证 3  |  测试 84
    全局: thr=0.0876 N  mfr=41.37 mg/s  isp=16.70 s
      E  5/30  loss=0.000186  val=0.001933  best=0.001559@1
      E 10/30  loss=0.000184  val=0.001816  best=0.001559@1
      Early stop @10
    微调后: thr=0.0874 (+0.3%)  mfr=36.61 (+11.5%)  isp=16.51 (+1.1%)
    遗忘检查: 全局均值=0.1404 → 微调后均值=0.2082  (ratio=1.483, 严重遗忘)

  SN15: 微调 12  |  验证 3  |  测试 86
    全局: thr=0.0848 N  mfr=98.28 mg/s  isp=14.24 s
      E  5/30  loss=0.000579  val=0.000043  best=0.000043@4
      E 10/30  loss=0.000520  val=0.000034  best=0.000034@9
      E 15/30  loss=0.000481  val=0.000034  best=0.000031@12
      E 20/30  loss=0.000452  val=0.000032  best=0.000029@17
      E 25/30  loss=0.000381  val=0.000034  best=0.000029@17
      Early stop @26
    微调后: thr=0.0670 (+21.0%)  mfr=78.22 (+20.4%)  isp=15.23 (-7.0%)
    遗忘检查: 全局均值=0.1387 → 微调后均值=0.4726  (ratio=3.408, 严重遗忘)

  SN16: 微调 12  |  验证 3  |  测试 84
    全局: thr=0.0992 N  mfr=44.25 mg/s  isp=16.74 s
      E  5/30  loss=0.000172  val=0.002347  best=0.001459@0
      Early stop @9
    微调后: thr=0.0983 (+0.9%)  mfr=44.31 (-0.1%)  isp=16.36 (+2.3%)
    遗忘检查: 全局均值=0.1377 → 微调后均值=0.1850  (ratio=1.343, 严重遗忘)

  SN17: 微调 12  |  验证 3  |  测试 85
    全局: thr=0.0908 N  mfr=41.44 mg/s  isp=16.80 s
      E  5/30  loss=0.000166  val=0.002472  best=0.002267@0
      Early stop @9
    微调后: thr=0.0899 (+1.0%)  mfr=38.20 (+7.8%)  isp=16.27 (+3.1%)
    遗忘检查: 全局均值=0.1386 → 微调后均值=0.1864  (ratio=1.345, 严重遗忘)

  SN18: 微调 12  |  验证 3  |  测试 88
    全局: thr=0.0998 N  mfr=50.87 mg/s  isp=16.71 s
      E  5/30  loss=0.000228  val=0.001419  best=0.001419@4
      E 10/30  loss=0.000224  val=0.001216  best=0.001216@9
      E 15/30  loss=0.000221  val=0.001139  best=0.001139@14
      E 20/30  loss=0.000220  val=0.001110  best=0.001071@16
      E 25/30  loss=0.000218  val=0.000998  best=0.000998@24
      E 30/30  loss=0.000217  val=0.001024  best=0.000998@27
    微调后: thr=0.0993 (+0.4%)  mfr=49.58 (+2.5%)  isp=16.57 (+0.8%)
    遗忘检查: 全局均值=0.1364 → 微调后均值=0.1913  (ratio=1.403, 严重遗忘)

  SN19: 微调 12  |  验证 3  |  测试 86
    全局: thr=0.0982 N  mfr=45.81 mg/s  isp=16.64 s
      E  5/30  loss=0.000330  val=0.000681  best=0.000641@0
      Early stop @9
    微调后: thr=0.0968 (+1.4%)  mfr=43.13 (+5.8%)  isp=17.00 (-2.1%)
    遗忘检查: 全局均值=0.1376 → 微调后均值=0.1858  (ratio=1.351, 严重遗忘)

  SN20: 微调 12  |  验证 3  |  测试 84
    全局: thr=0.0871 N  mfr=42.09 mg/s  isp=16.82 s
      E  5/30  loss=0.000255  val=0.002442  best=0.002225@0
      Early stop @9
    微调后: thr=0.0862 (+1.0%)  mfr=38.86 (+7.7%)  isp=16.38 (+2.6%)
    遗忘检查: 全局均值=0.1399 → 微调后均值=0.1925  (ratio=1.376, 严重遗忘)

  SN21: 微调 12  |  验证 3  |  测试 82
    全局: thr=0.1033 N  mfr=51.88 mg/s  isp=16.77 s
      E  5/30  loss=0.000153  val=0.001702  best=0.001520@1
      E 10/30  loss=0.000147  val=0.001692  best=0.001520@1
      Early stop @10
    微调后: thr=0.1015 (+1.7%)  mfr=49.01 (+5.5%)  isp=16.52 (+1.5%)
    遗忘检查: 全局均值=0.1365 → 微调后均值=0.1866  (ratio=1.367, 严重遗忘)

  SN22: 微调 12  |  验证 3  |  测试 86
    全局: thr=0.0904 N  mfr=34.28 mg/s  isp=16.71 s
      E  5/30  loss=0.000175  val=0.001735  best=0.001732@1
      E 10/30  loss=0.000173  val=0.001817  best=0.001732@1
      Early stop @10
    微调后: thr=0.0908 (-0.4%)  mfr=33.63 (+1.9%)  isp=16.75 (-0.2%)
    遗忘检查: 全局均值=0.1393 → 微调后均值=0.1854  (ratio=1.331, 严重遗忘)

  SN23: 微调 12  |  验证 3  |  测试 84
    全局: thr=0.1447 N  mfr=144.36 mg/s  isp=17.03 s
      E  5/30  loss=0.000710  val=0.019491  best=0.011801@0
      Early stop @9
    微调后: thr=0.1288 (+11.0%)  mfr=121.05 (+16.1%)  isp=17.31 (-1.7%)
    遗忘检查: 全局均值=0.1381 → 微调后均值=0.1920  (ratio=1.391, 严重遗忘)

  SN24: 微调 12  |  验证 3  |  测试 89
    全局: thr=0.0903 N  mfr=36.76 mg/s  isp=16.65 s
      E  5/30  loss=0.000178  val=0.000861  best=0.000842@2
      E 10/30  loss=0.000175  val=0.000879  best=0.000842@2
      Early stop @11
    微调后: thr=0.0902 (+0.1%)  mfr=37.55 (-2.1%)  isp=16.95 (-1.8%)
    遗忘检查: 全局均值=0.1387 → 微调后均值=0.1855  (ratio=1.337, 严重遗忘)

============================================================
  结果汇总 (n_finetune=12)
============================================================
   SN    文件  Thrust Base           FT       改善   MFR Base         FT       改善
  ───  ────  ───────────  ───────────  ───────  ─────────  ─────────  ───────
  SN13    88  0.0909 N  0.0761 N   +16.3%    92.14    56.72   +38.4%
  SN14    84  0.0876 N  0.0874 N    +0.3%    41.37    36.61   +11.5%
  SN15    86  0.0848 N  0.0670 N   +21.0%    98.28    78.22   +20.4%
  SN16    84  0.0992 N  0.0983 N    +0.9%    44.25    44.31    -0.1%
  SN17    85  0.0908 N  0.0899 N    +1.0%    41.44    38.20    +7.8%
  SN18    88  0.0998 N  0.0993 N    +0.4%    50.87    49.58    +2.5%
  SN19    86  0.0982 N  0.0968 N    +1.4%    45.81    43.13    +5.8%
  SN20    84  0.0871 N  0.0862 N    +1.0%    42.09    38.86    +7.7%
  SN21    82  0.1033 N  0.1015 N    +1.7%    51.88    49.01    +5.5%
  SN22    86  0.0904 N  0.0908 N    -0.4%    34.28    33.63    +1.9%
  SN23    84  0.1447 N  0.1288 N   +11.0%   144.36   121.05   +16.1%
  SN24    89  0.0903 N  0.0902 N    +0.1%    36.76    37.55    -2.1%
  ───  ────  ───────────  ───────────  ───────  ─────────  ─────────  ───────
  平均: thrust 改善 +4.6% ± 7.0% (t=2.17, p=0.0531)
  汇总图 → outputs/figures/v2/finetune_improvement_n12.png
  ⭐ 改善统计显著 (p=0.0531 < 0.1)

============================================================
  完成。日志已保存至: outputs/finetune_logs/finetune_20260514_123619.log
============================================================
