日志文件: outputs/finetune_logs/finetune_20260514_200630.log
============================================================
  个体推进器微调 v2
  设备: cuda
  微调用文件: 12/SN  |  Epochs: 30  lr: 0.0002
  模式: 冻结 LSTM 仅，Attention 可训练
============================================================

============================================================
  微调数据量: 12 文件/SN
============================================================

  SN13: 微调 12  |  验证 3  |  测试 88
    全局: thr=0.0909 N  mfr=92.14 mg/s  isp=20.14 s
      E  5/30  loss=0.000108  val=0.002438  best=0.002294@3
      E 10/30  loss=0.000097  val=0.002000  best=0.002000@9
      E 15/30  loss=0.000091  val=0.001901  best=0.001880@13
      E 20/30  loss=0.000091  val=0.001816  best=0.001816@19
      E 25/30  loss=0.000088  val=0.001781  best=0.001781@24
      E 30/30  loss=0.000088  val=0.001729  best=0.001727@27
    微调后: thr=0.0729 (+19.8%)  mfr=51.17 (+44.5%)  isp=16.81 (+16.6%)
    遗忘检查: 全局均值=0.1426 → 微调后均值=0.2151  (ratio=1.508, 严重遗忘)

  SN14: 微调 12  |  验证 3  |  测试 84
    全局: thr=0.0876 N  mfr=41.37 mg/s  isp=16.70 s
      E  5/30  loss=0.000186  val=0.001924  best=0.001326@1
      E 10/30  loss=0.000181  val=0.001712  best=0.001326@1
      Early stop @10
    微调后: thr=0.0872 (+0.5%)  mfr=36.63 (+11.5%)  isp=16.51 (+1.1%)
    遗忘检查: 全局均值=0.1404 → 微调后均值=0.2089  (ratio=1.487, 严重遗忘)

  SN15: 微调 12  |  验证 3  |  测试 86
    全局: thr=0.0848 N  mfr=98.28 mg/s  isp=14.24 s
      E  5/30  loss=0.000207  val=0.000025  best=0.000025@4
      E 10/30  loss=0.000116  val=0.000027  best=0.000025@4
      Early stop @13
    微调后: thr=0.0643 (+24.1%)  mfr=75.35 (+23.3%)  isp=12.43 (+12.7%)
    遗忘检查: 全局均值=0.1387 → 微调后均值=0.4066  (ratio=2.932, 严重遗忘)

  SN16: 微调 12  |  验证 3  |  测试 84
    全局: thr=0.0992 N  mfr=44.25 mg/s  isp=16.74 s
      E  5/30  loss=0.000170  val=0.002037  best=0.001447@0
      Early stop @9
    微调后: thr=0.0990 (+0.2%)  mfr=45.22 (-2.2%)  isp=16.81 (-0.4%)
    遗忘检查: 全局均值=0.1377 → 微调后均值=0.1849  (ratio=1.343, 严重遗忘)

  SN17: 微调 12  |  验证 3  |  测试 85
    全局: thr=0.0908 N  mfr=41.44 mg/s  isp=16.80 s
      E  5/30  loss=0.000157  val=0.004324  best=0.002239@0
      Early stop @9
    微调后: thr=0.0897 (+1.2%)  mfr=37.12 (+10.4%)  isp=16.53 (+1.6%)
    遗忘检查: 全局均值=0.1386 → 微调后均值=0.1856  (ratio=1.339, 严重遗忘)

  SN18: 微调 12  |  验证 3  |  测试 88
    全局: thr=0.0998 N  mfr=50.87 mg/s  isp=16.71 s
      E  5/30  loss=0.000224  val=0.001230  best=0.001171@3
      E 10/30  loss=0.000220  val=0.001081  best=0.001081@9
      E 15/30  loss=0.000217  val=0.001129  best=0.001081@9
      E 20/30  loss=0.000215  val=0.001019  best=0.000920@18
      E 25/30  loss=0.000215  val=0.000902  best=0.000891@22
      E 30/30  loss=0.000210  val=0.000840  best=0.000840@29
    微调后: thr=0.0994 (+0.3%)  mfr=50.82 (+0.1%)  isp=16.42 (+1.7%)
    遗忘检查: 全局均值=0.1364 → 微调后均值=0.1895  (ratio=1.390, 严重遗忘)

  SN19: 微调 12  |  验证 3  |  测试 86
    全局: thr=0.0982 N  mfr=45.81 mg/s  isp=16.64 s
      E  5/30  loss=0.000311  val=0.000712  best=0.000669@2
      E 10/30  loss=0.000299  val=0.000771  best=0.000669@2
      Early stop @11
    微调后: thr=0.0960 (+2.2%)  mfr=42.06 (+8.2%)  isp=16.69 (-0.3%)
    遗忘检查: 全局均值=0.1376 → 微调后均值=0.1878  (ratio=1.365, 严重遗忘)

  SN20: 微调 12  |  验证 3  |  测试 84
    全局: thr=0.0871 N  mfr=42.09 mg/s  isp=16.82 s
      E  5/30  loss=0.000252  val=0.002282  best=0.002110@1
      E 10/30  loss=0.000246  val=0.002531  best=0.002110@1
      Early stop @10
    微调后: thr=0.0866 (+0.6%)  mfr=39.06 (+7.2%)  isp=17.08 (-1.5%)
    遗忘检查: 全局均值=0.1399 → 微调后均值=0.1911  (ratio=1.366, 严重遗忘)

  SN21: 微调 12  |  验证 3  |  测试 82
    全局: thr=0.1033 N  mfr=51.88 mg/s  isp=16.77 s
      E  5/30  loss=0.000145  val=0.001549  best=0.001461@1
      E 10/30  loss=0.000134  val=0.001365  best=0.001365@9
      E 15/30  loss=0.000134  val=0.001419  best=0.001320@10
      Early stop @19
    微调后: thr=0.1005 (+2.7%)  mfr=47.11 (+9.2%)  isp=16.39 (+2.3%)
    遗忘检查: 全局均值=0.1365 → 微调后均值=0.2013  (ratio=1.475, 严重遗忘)

  SN22: 微调 12  |  验证 3  |  测试 86
    全局: thr=0.0904 N  mfr=34.28 mg/s  isp=16.71 s
      E  5/30  loss=0.000175  val=0.001836  best=0.001524@0
      Early stop @9
    微调后: thr=0.0902 (+0.3%)  mfr=34.10 (+0.5%)  isp=16.72 (-0.1%)
    遗忘检查: 全局均值=0.1393 → 微调后均值=0.1857  (ratio=1.333, 严重遗忘)

  SN23: 微调 12  |  验证 3  |  测试 84
    全局: thr=0.1447 N  mfr=144.36 mg/s  isp=17.03 s
      E  5/30  loss=0.000548  val=0.017121  best=0.014876@0
      Early stop @9
    微调后: thr=0.1245 (+14.0%)  mfr=115.04 (+20.3%)  isp=16.80 (+1.3%)
    遗忘检查: 全局均值=0.1381 → 微调后均值=0.1942  (ratio=1.407, 严重遗忘)

  SN24: 微调 12  |  验证 3  |  测试 89
    全局: thr=0.0903 N  mfr=36.76 mg/s  isp=16.65 s
      E  5/30  loss=0.000178  val=0.000842  best=0.000823@2
      E 10/30  loss=0.000175  val=0.000785  best=0.000754@7
      E 15/30  loss=0.000173  val=0.000724  best=0.000667@13
      E 20/30  loss=0.000170  val=0.000727  best=0.000667@13
      Early stop @22
    微调后: thr=0.0901 (+0.1%)  mfr=37.50 (-2.0%)  isp=16.55 (+0.6%)
    遗忘检查: 全局均值=0.1387 → 微调后均值=0.1858  (ratio=1.339, 严重遗忘)

============================================================
  结果汇总 (n_finetune=12)
============================================================
   SN    文件  Thrust Base           FT       改善   MFR Base         FT       改善
  ───  ────  ───────────  ───────────  ───────  ─────────  ─────────  ───────
  SN13    88  0.0909 N  0.0729 N   +19.8%    92.14    51.17   +44.5%
  SN14    84  0.0876 N  0.0872 N    +0.5%    41.37    36.63   +11.5%
  SN15    86  0.0848 N  0.0643 N   +24.1%    98.28    75.35   +23.3%
  SN16    84  0.0992 N  0.0990 N    +0.2%    44.25    45.22    -2.2%
  SN17    85  0.0908 N  0.0897 N    +1.2%    41.44    37.12   +10.4%
  SN18    88  0.0998 N  0.0994 N    +0.3%    50.87    50.82    +0.1%
  SN19    86  0.0982 N  0.0960 N    +2.2%    45.81    42.06    +8.2%
  SN20    84  0.0871 N  0.0866 N    +0.6%    42.09    39.06    +7.2%
  SN21    82  0.1033 N  0.1005 N    +2.7%    51.88    47.11    +9.2%
  SN22    86  0.0904 N  0.0902 N    +0.3%    34.28    34.10    +0.5%
  SN23    84  0.1447 N  0.1245 N   +14.0%   144.36   115.04   +20.3%
  SN24    89  0.0903 N  0.0901 N    +0.1%    36.76    37.50    -2.0%
  ───  ────  ───────────  ───────────  ───────  ─────────  ─────────  ───────
  平均: thrust 改善 +5.5% ± 8.3% (t=2.20, p=0.0499*)
  汇总图 → outputs/figures/v2/finetune_improvement_n12.png
  ⭐ 改善统计显著 (p=0.0499 < 0.1)

============================================================
  完成。日志已保存至: outputs/finetune_logs/finetune_20260514_200630.log
============================================================
