日志文件: outputs/finetune_logs/finetune_20260515_074728.log
============================================================
  个体推进器微调 v2
  设备: cuda
  微调用文件: 12/SN  |  Epochs: 30  lr: 0.0002
  模式: 冻结 LSTM 仅，Attention 可训练
  混合回放: 30% 背景 (分层, max 12 文件)
============================================================

============================================================
  计算 EWC Fisher 对角 (λ=5.0)...
============================================================
  (Fisher 背景: 无排除后数据，使用全体 1206 文件)
  背景数据: 11 文件, 7529 窗口, 涵盖 11/11 test_modes
  Fisher 计算完成: 200 批次, 均值=0.000000, min=0.0000, max=0.0002
    attention.in_proj_weight: mean=0.0016, std=0.3594
    attention.in_proj_bias: mean=35.0008, std=969.8296
    attention.out_proj.weight: mean=0.0112, std=1.7606
    attention.out_proj.bias: mean=767.4789, std=6804.0430
    ln.weight: mean=72.3031, std=812.7546
    ln.bias: mean=0.6303, std=5.5361
    fc.0.weight: mean=0.9861, std=12.5342
    fc.0.bias: mean=18.0234, std=15.4117
    fc.3.weight: mean=12.3418, std=14.0684
    fc.3.bias: mean=7992.6963, std=4822.6729
  EWC 准备就绪: 10 个参数组, Fisher 范围 [0.000, 73233.273]

============================================================
  微调数据量: 12 文件/SN  EWC λ=5.0  |
============================================================

  SN13: 微调 12  |  验证 3  |  测试 88
    全局: thr=0.0909 N  mfr=92.14 mg/s  isp=20.14 s
      E  5/30  loss=0.000438  task=0.000266  ewc=0.000172  val=0.003240  best=0.003236@0
      Early stop @9
    微调后: thr=0.0851 (+6.4%)  mfr=76.13 (+17.4%)  isp=19.85 (+1.4%)
    遗忘检查: 全局均值=0.1426 → 微调后均值=0.2152  (ratio=1.509, 严重遗忘)

  SN14: 微调 12  |  验证 3  |  测试 84
    全局: thr=0.0876 N  mfr=41.37 mg/s  isp=16.70 s
      E  5/30  loss=0.000389  task=0.000260  ewc=0.000129  val=0.002713  best=0.002616@2
      E 10/30  loss=0.000296  task=0.000260  ewc=0.000035  val=0.002733  best=0.002616@5
      Early stop @14
    微调后: thr=0.0873 (+0.3%)  mfr=39.26 (+5.1%)  isp=16.52 (+1.1%)
    遗忘检查: 全局均值=0.1404 → 微调后均值=0.1944  (ratio=1.384, 严重遗忘)

  SN15: 微调 12  |  验证 3  |  测试 86
    全局: thr=0.0848 N  mfr=98.28 mg/s  isp=14.24 s
      E  5/30  loss=0.001573  task=0.001450  ewc=0.000123  val=0.000060  best=0.000058@0
      Early stop @9
    微调后: thr=0.0714 (+15.7%)  mfr=85.07 (+13.4%)  isp=14.92 (-4.7%)
    遗忘检查: 全局均值=0.1387 → 微调后均值=0.2674  (ratio=1.929, 严重遗忘)

  SN16: 微调 12  |  验证 3  |  测试 84
    全局: thr=0.0992 N  mfr=44.25 mg/s  isp=16.74 s
      E  5/30  loss=0.000694  task=0.000622  ewc=0.000072  val=0.001134  best=0.001067@0
      Early stop @9
    微调后: thr=0.0986 (+0.6%)  mfr=44.09 (+0.4%)  isp=16.77 (-0.2%)
    遗忘检查: 全局均值=0.1377 → 微调后均值=0.1854  (ratio=1.347, 严重遗忘)

  SN17: 微调 12  |  验证 3  |  测试 85
    全局: thr=0.0908 N  mfr=41.44 mg/s  isp=16.80 s
      E  5/30  loss=0.000635  task=0.000356  ewc=0.000279  val=0.002611  best=0.002585@2
      E 10/30  loss=0.000499  task=0.000360  ewc=0.000139  val=0.002630  best=0.002552@5
      Early stop @14
    微调后: thr=0.0906 (+0.2%)  mfr=39.26 (+5.3%)  isp=16.84 (-0.3%)
    遗忘检查: 全局均值=0.1386 → 微调后均值=0.1882  (ratio=1.357, 严重遗忘)

  SN18: 微调 12  |  验证 3  |  测试 88
    全局: thr=0.0998 N  mfr=50.87 mg/s  isp=16.71 s
      E  5/30  loss=0.000554  task=0.000323  ewc=0.000231  val=0.002813  best=0.002813@4
      E 10/30  loss=0.000399  task=0.000322  ewc=0.000077  val=0.002842  best=0.002813@4
      Early stop @13
