日志文件: outputs/finetune_logs/finetune_20260514_233426.log
============================================================
  个体推进器微调 v2
  设备: cuda
  微调用文件: 12/SN  |  Epochs: 5  lr: 0.0002
  模式: 冻结 LSTM 仅，Attention 可训练
  混合回放: 30% 背景 (分层, max 12 文件)
  EWC: λ=10.0, Fisher bg_files=12
============================================================

============================================================
  计算 EWC Fisher 对角 (λ=10.0)...
============================================================
  背景数据: 11 文件, 6928 窗口, 涵盖 11/11 test_modes
  Fisher 计算完成: 200 批次, 均值=0.000000, min=0.0000, max=0.0005
    attention.in_proj_weight: mean=0.0006, std=0.0287
    attention.in_proj_bias: mean=1.2506, std=34.5633
    attention.out_proj.weight: mean=0.0007, std=0.0576
    attention.out_proj.bias: mean=1073.8550, std=14854.6387
    ln.weight: mean=14.5373, std=152.0430
    ln.bias: mean=0.4882, std=5.7597
    fc.0.weight: mean=0.2155, std=2.6858
    fc.0.bias: mean=7.6233, std=5.7819
    fc.3.weight: mean=18.3862, std=19.1163
    fc.3.bias: mean=2109.1147, std=666.7919
  EWC 准备就绪: 10 个参数组, Fisher 范围 [0.000, 236529.438]

============================================================
  微调数据量: 12 文件/SN  EWC λ=10.0  |
============================================================

  SN15: 微调 12  |  验证 3  |  测试 86
    全局: thr=0.0848 N  mfr=98.28 mg/s  isp=14.24 s
      E  5/5  loss=0.001683  task=0.001468  ewc=0.000215  val=0.000076  best=0.000071@2
    微调后: thr=0.0740 (+12.7%)  mfr=88.15 (+10.3%)  isp=15.86 (-11.4%)

============================================================
  结果汇总 (n_finetune=12 λ=10.0)
============================================================
   SN    文件  Thrust Base           FT       改善   MFR Base         FT       改善
  ───  ────  ───────────  ───────────  ───────  ─────────  ─────────  ───────
  SN15    86  0.0848 N  0.0740 N   +12.7%    98.28    88.15   +10.3%
  ───  ────  ───────────  ───────────  ───────  ─────────  ─────────  ───────
  平均: thrust 改善 +12.7% ± 0.0% (t=nan, p=nan)
  汇总图 → outputs/figures/v2/finetune_improvement_n12_ewc10.png

============================================================
  完成。日志已保存至: outputs/finetune_logs/finetune_20260514_233426.log
============================================================
