日志文件: outputs/finetune_logs/finetune_20260515_101311.log
============================================================
  个体推进器微调 v2
  设备: cuda
  微调用文件: 12/SN  |  Epochs: 30  lr: 0.0002
  模式: 冻结 LSTM 仅，Attention 可训练
  混合回放: 30% 背景 (分层, max 12 文件)
============================================================

============================================================
  计算 EWC Fisher 对角 (λ=25.0)...
============================================================
  (Fisher 背景: 无排除后数据，使用全体 1206 文件)
  背景数据: 11 文件, 7529 窗口, 涵盖 11/11 test_modes
  Fisher 计算完成: 200 批次, min=0.0000, max=76573.2734
    attention.in_proj_weight: mean=1.0000, std=230.4237
    attention.in_proj_bias: mean=1.0000, std=27.7088
    attention.out_proj.weight: mean=1.0000, std=156.6450
    attention.out_proj.bias: mean=1.0000, std=8.8654
    ln.weight: mean=1.0000, std=11.2409
    ln.bias: mean=1.0000, std=8.7836
    fc.0.weight: mean=1.0000, std=12.7108
    fc.0.bias: mean=1.0000, std=0.8551
    fc.3.weight: mean=1.0000, std=1.1399
    fc.3.bias: mean=1.0000, std=0.6034
  EWC 准备就绪: 10 个参数组, Fisher 范围 [0.000, 76573.273]

============================================================
  微调数据量: 12 文件/SN  EWC λ=25.0  |
============================================================

  SN13: 微调 12  |  验证 3  |  测试 88
    全局: thr=0.0909 N  mfr=92.14 mg/s  isp=20.14 s
      E  5/30  loss=0.000763  task=0.000283  ewc=0.000480  val=0.003233  best=0.003231@0
      E 10/30  loss=0.000750  task=0.000282  ewc=0.000467  val=0.003234  best=0.003230@7
      E 15/30  loss=0.000310  task=0.000281  ewc=0.000030  val=0.003236  best=0.003230@7
      Early stop @16
    微调后: thr=0.0880 (+3.1%)  mfr=85.46 (+7.3%)  isp=20.40 (-1.3%)
    遗忘检查: 全局均值=0.1426 → 微调后均值=0.2000  (ratio=1.402, 严重遗忘)

  SN14: 微调 12  |  验证 3  |  测试 84
    全局: thr=0.0876 N  mfr=41.37 mg/s  isp=16.70 s
      E  5/30  loss=0.002014  task=0.000270  ewc=0.001744  val=0.002546  best=0.002546@4
      E 10/30  loss=0.000458  task=0.000270  ewc=0.000188  val=0.002559  best=0.002516@6
      E 15/30  loss=0.000440  task=0.000270  ewc=0.000170  val=0.002541  best=0.002516@6
      Early stop @15
    微调后: thr=0.0874 (+0.2%)  mfr=40.87 (+1.2%)  isp=16.73 (-0.2%)
    遗忘检查: 全局均值=0.1404 → 微调后均值=0.1908  (ratio=1.359, 严重遗忘)

  SN15: 微调 12  |  验证 3  |  测试 86
    全局: thr=0.0848 N  mfr=98.28 mg/s  isp=14.24 s
      E  5/30  loss=0.003113  task=0.001496  ewc=0.001617  val=0.000055  best=0.000051@2
      E 10/30  loss=0.002067  task=0.001479  ewc=0.000588  val=0.000058  best=0.000051@2
      Early stop @11
    微调后: thr=0.0748 (+11.7%)  mfr=88.44 (+10.0%)  isp=14.73 (-3.5%)
    遗忘检查: 全局均值=0.1387 → 微调后均值=0.2361  (ratio=1.703, 严重遗忘)

  SN16: 微调 12  |  验证 3  |  测试 84
    全局: thr=0.0992 N  mfr=44.25 mg/s  isp=16.74 s
      E  5/30  loss=0.000871  task=0.000628  ewc=0.000244  val=0.001172  best=0.001152@0
      Early stop @9
    微调后: thr=0.0987 (+0.4%)  mfr=44.23 (+0.0%)  isp=16.77 (-0.2%)
    遗忘检查: 全局均值=0.1377 → 微调后均值=0.1860  (ratio=1.351, 严重遗忘)

  SN17: 微调 12  |  验证 3  |  测试 85
    全局: thr=0.0908 N  mfr=41.44 mg/s  isp=16.80 s
      E  5/30  loss=0.000610  task=0.000382  ewc=0.000228  val=0.002578  best=0.002557@2
      E 10/30  loss=0.000933  task=0.000383  ewc=0.000551  val=0.002570  best=0.002557@2
      Early stop @11
    微调后: thr=0.0908 (+0.0%)  mfr=41.04 (+1.0%)  isp=16.68 (+0.7%)
    遗忘检查: 全局均值=0.1386 → 微调后均值=0.1880  (ratio=1.356, 严重遗忘)

  SN18: 微调 12  |  验证 3  |  测试 88
    全局: thr=0.0998 N  mfr=50.87 mg/s  isp=16.71 s
      E  5/30  loss=0.000570  task=0.000341  ewc=0.000229  val=0.002840  best=0.002840@4
      E 10/30  loss=0.002390  task=0.000342  ewc=0.002048  val=0.002890  best=0.002840@4
      Early stop @13
    微调后: thr=0.0991 (+0.6%)  mfr=50.69 (+0.4%)  isp=16.70 (+0.1%)
    遗忘检查: 全局均值=0.1364 → 微调后均值=0.1837  (ratio=1.347, 严重遗忘)

  SN19: 微调 12  |  验证 3  |  测试 86
    全局: thr=0.0982 N  mfr=45.81 mg/s  isp=16.64 s
      E  5/30  loss=0.002994  task=0.000418  ewc=0.002576  val=0.000853  best=0.000840@2
      E 10/30  loss=0.002623  task=0.000417  ewc=0.002206  val=0.000848  best=0.000839@5
      E 15/30  loss=0.000689  task=0.000414  ewc=0.000275  val=0.000852  best=0.000839@10
      Early stop @19
    微调后: thr=0.0976 (+0.5%)  mfr=46.39 (-1.3%)  isp=16.57 (+0.5%)
    遗忘检查: 全局均值=0.1376 → 微调后均值=0.1853  (ratio=1.347, 严重遗忘)

  SN20: 微调 12  |  验证 3  |  测试 84
    全局: thr=0.0871 N  mfr=42.09 mg/s  isp=16.82 s
      E  5/30  loss=0.000433  task=0.000269  ewc=0.000164  val=0.002436  best=0.002412@1
      E 10/30  loss=0.001144  task=0.000271  ewc=0.000872  val=0.002437  best=0.002408@7
      E 15/30  loss=0.000629  task=0.000270  ewc=0.000359  val=0.002418  best=0.002408@7
      Early stop @16
    微调后: thr=0.0873 (-0.3%)  mfr=40.88 (+2.9%)  isp=16.75 (+0.4%)
    遗忘检查: 全局均值=0.1399 → 微调后均值=0.1924  (ratio=1.375, 严重遗忘)

  SN21: 微调 12  |  验证 3  |  测试 82
    全局: thr=0.1033 N  mfr=51.88 mg/s  isp=16.77 s
      E  5/30  loss=0.001683  task=0.000269  ewc=0.001414  val=0.002555  best=0.002531@0
      Early stop @9
    微调后: thr=0.1027 (+0.6%)  mfr=52.34 (-0.9%)  isp=16.82 (-0.4%)
    遗忘检查: 全局均值=0.1365 → 微调后均值=0.1836  (ratio=1.345, 严重遗忘)

  SN22: 微调 12  |  验证 3  |  测试 86
    全局: thr=0.0904 N  mfr=34.28 mg/s  isp=16.71 s
      E  5/30  loss=0.000461  task=0.000197  ewc=0.000264  val=0.002149  best=0.002149@4
      E 10/30  loss=0.001828  task=0.000197  ewc=0.001631  val=0.002156  best=0.002149@4
      E 15/30  loss=0.000888  task=0.000197  ewc=0.000691  val=0.002176  best=0.002141@10
      Early stop @19
    微调后: thr=0.0906 (-0.1%)  mfr=34.16 (+0.4%)  isp=16.73 (-0.1%)
    遗忘检查: 全局均值=0.1393 → 微调后均值=0.1894  (ratio=1.360, 严重遗忘)

  SN23: 微调 12  |  验证 3  |  测试 84
    全局: thr=0.1447 N  mfr=144.36 mg/s  isp=17.03 s
      E  5/30  loss=0.002252  task=0.001129  ewc=0.001123  val=0.005204  best=0.005204@4
      E 10/30  loss=0.001357  task=0.001128  ewc=0.000229  val=0.005283  best=0.005198@6
      E 15/30  loss=0.001183  task=0.001127  ewc=0.000056  val=0.005222  best=0.005198@6
      Early stop @15
    微调后: thr=0.1447 (+0.0%)  mfr=143.70 (+0.5%)  isp=16.90 (+0.7%)
    遗忘检查: 全局均值=0.1381 → 微调后均值=0.1929  (ratio=1.397, 严重遗忘)

  SN24: 微调 12  |  验证 3  |  测试 89
    全局: thr=0.0903 N  mfr=36.76 mg/s  isp=16.65 s
      E  5/30  loss=0.001227  task=0.000173  ewc=0.001054  val=0.001002  best=0.000996@0
      E 10/30  loss=0.000938  task=0.000173  ewc=0.000766  val=0.001003  best=0.000995@5
      Early stop @14
