日志文件: outputs/finetune_logs/finetune_20260514_085447.log
============================================================
  个体推进器微调 v2
  设备: cuda
  微调用文件: 12/SN  |  Epochs: 30  lr: 0.0002
  模式: 冻结 LSTM+Attention
============================================================

============================================================
  微调数据量: 12 文件/SN
============================================================

  SN13: 微调 12  |  验证 3  |  测试 88
    全局: thr=0.0909 N  mfr=92.14 mg/s  isp=730871.81 s
      E  5/30  loss=0.000114  val=0.002460  best=0.002412@3
      E 10/30  loss=0.000108  val=0.002411  best=0.002402@7
      E 15/30  loss=0.000104  val=0.002317  best=0.002248@13
      E 20/30  loss=0.000103  val=0.002190  best=0.002059@18
      E 25/30  loss=0.000100  val=0.002100  best=0.002039@23
      E 30/30  loss=0.000101  val=0.002027  best=0.001967@27
    微调后: thr=0.0761 (+16.3%)  mfr=56.72 (+38.4%)  isp=729457.88 (+0.2%)
    遗忘检查: 全局均值=0.1426 → 微调后均值=0.2240  (ratio=1.571, 严重遗忘)

  SN14: 微调 12  |  验证 3  |  测试 84
    全局: thr=0.0876 N  mfr=41.37 mg/s  isp=337160.81 s
      E  5/30  loss=0.000186  val=0.001933  best=0.001559@1
      E 10/30  loss=0.000184  val=0.001816  best=0.001559@1
      Early stop @10
