日志文件: outputs/finetune_logs/finetune_20260515_141022.log
============================================================
  个体推进器微调 v2
  设备: cuda
  微调用文件: 12/SN  |  Epochs: 5  lr: 0.0002
  模式: Adapter 微调（冻结全部原始参数，仅训练~41K adapter params，零遗忘）
============================================================

============================================================
  微调数据量: 12 文件/SN
============================================================

  SN15: 微调 12  |  验证 3  |  测试 86
    全局: thr=0.0848 N  mfr=98.28 mg/s  isp=14.24 s
  Adapter 模型: 41,440/1,146,210 参数可训练 (3.6%)
      E  5/5  loss=0.000519  val=0.000029  best=0.000029@4
    微调后: thr=0.0665 (+21.5%)  mfr=76.88 (+21.8%)  isp=16.00 (-12.4%)

============================================================
  结果汇总 (n_finetune=12)
============================================================
   SN    文件  Thrust Base           FT       改善   MFR Base         FT       改善
  ───  ────  ───────────  ───────────  ───────  ─────────  ─────────  ───────
  SN15    86  0.0848 N  0.0665 N   +21.5%    98.28    76.88   +21.8%
  ───  ────  ───────────  ───────────  ───────  ─────────  ─────────  ───────
  平均: thrust 改善 +21.5% ± 0.0% (t=nan, p=nan)
  汇总图 → outputs/figures/v2/finetune_improvement_n12.png

============================================================
  完成。日志已保存至: outputs/finetune_logs/finetune_20260515_141022.log
============================================================
