日志文件: outputs/finetune_logs/finetune_20260514_095500.log
============================================================
  个体推进器微调 v2
  设备: cuda
  微调用文件: 12/SN  |  Epochs: 30  lr: 0.0002
  模式: 冻结 LSTM+Attention
============================================================

============================================================
  微调数据量: 12 文件/SN
============================================================

  SN13: 微调 12  |  验证 3  |  测试 88
    全局: thr=0.0909 N  mfr=92.14 mg/s  isp=20.14 s
      E  5/30  loss=0.000114  val=0.002460  best=0.002412@3
      E 10/30  loss=0.000108  val=0.002411  best=0.002402@7
      E 15/30  loss=0.000104  val=0.002317  best=0.002248@13
      E 20/30  loss=0.000103  val=0.002190  best=0.002059@18
      E 25/30  loss=0.000100  val=0.002100  best=0.002039@23
      E 30/30  loss=0.000101  val=0.002027  best=0.001967@27
    微调后: thr=0.0761 (+16.3%)  mfr=56.72 (+38.4%)  isp=16.80 (+16.6%)

============================================================
  结果汇总 (n_finetune=12)
============================================================
   SN    文件  Thrust Base           FT       改善   MFR Base         FT       改善
  ───  ────  ───────────  ───────────  ───────  ─────────  ─────────  ───────
  SN13    88  0.0909 N  0.0761 N   +16.3%    92.14    56.72   +38.4%
  ───  ────  ───────────  ───────────  ───────  ─────────  ─────────  ───────
  平均: thrust 改善 +16.3% ± 0.0% (t=nan, p=nan)
  汇总图 → outputs/figures/v2/finetune_improvement_n12.png

============================================================
  完成。日志已保存至: outputs/finetune_logs/finetune_20260514_095500.log
============================================================
