日志文件: outputs/finetune_logs/finetune_20260515_213517.log
============================================================
  个体推进器微调 v2
  设备: cuda
  微调用文件: 12/SN  |  Epochs: 10  lr: 0.0005
  模式: Adapter 微调（冻结全部原始参数，仅训练~41K adapter params，零遗忘）
  损失: triple_loss (thrust+MFR+Isp, w_isp=0.05)
============================================================

============================================================
  微调数据量: 12 文件/SN
============================================================

  SN16: 微调 12  |  验证 3  |  测试 84
    全局: thr=0.0992 N  mfr=44.25 mg/s  isp=16.74 s
  Adapter 模型: 41,440/1,146,210 参数可训练 (3.6%)
      E  5/10  loss=0.001460  val=0.007266  best=0.004924@2
      E 10/10  loss=0.001449  val=0.003123  best=0.002544@6
    微调后: thr=0.0989 (+0.2%)  mfr=45.27 (-2.3%)  isp=16.28 (+2.7%)

============================================================
  结果汇总 (n_finetune=12)
============================================================
   SN    文件  Thrust Base           FT       改善   MFR Base         FT       改善
  ───  ────  ───────────  ───────────  ───────  ─────────  ─────────  ───────
  SN16    84  0.0992 N  0.0989 N    +0.2%    44.25    45.27    -2.3%
  ───  ────  ───────────  ───────────  ───────  ─────────  ─────────  ───────
  平均: thrust 改善 +0.2% ± 0.0% (t=nan, p=nan)
  汇总图 → outputs/figures/v2/finetune_improvement_n12.png
  ⚠️ 平均改善 +0.2% 较小，建议增大 n_finetune 或尝试 --unfreeze_all

============================================================
  完成。日志已保存至: outputs/finetune_logs/finetune_20260515_213517.log
============================================================
