日志文件: outputs/finetune_logs/finetune_20260514_195234.log
============================================================
  个体推进器微调 v2
  设备: cuda
  微调用文件: 12/SN  |  Epochs: 30  lr: 0.0002
  模式: 冻结 LSTM 仅，Attention 可训练
============================================================

============================================================
  微调数据量: 12 文件/SN
============================================================

  SN13: 微调 12  |  验证 3  |  测试 88
    全局: thr=0.0909 N  mfr=92.14 mg/s  isp=20.14 s
      E  5/30  loss=0.000108  val=0.002438  best=0.002294@3
      E 10/30  loss=0.000097  val=0.002000  best=0.002000@9
      E 15/30  loss=0.000091  val=0.001901  best=0.001880@13
      E 20/30  loss=0.000091  val=0.001816  best=0.001816@19
      E 25/30  loss=0.000088  val=0.001781  best=0.001781@24
      E 30/30  loss=0.000088  val=0.001729  best=0.001727@27
    微调后: thr=0.0729 (+19.8%)  mfr=51.17 (+44.5%)  isp=16.81 (+16.6%)

============================================================
  结果汇总 (n_finetune=12)
============================================================
   SN    文件  Thrust Base           FT       改善   MFR Base         FT       改善
  ───  ────  ───────────  ───────────  ───────  ─────────  ─────────  ───────
  SN13    88  0.0909 N  0.0729 N   +19.8%    92.14    51.17   +44.5%
  ───  ────  ───────────  ───────────  ───────  ─────────  ─────────  ───────
  平均: thrust 改善 +19.8% ± 0.0% (t=nan, p=nan)
  汇总图 → outputs/figures/v2/finetune_improvement_n12.png

============================================================
  完成。日志已保存至: outputs/finetune_logs/finetune_20260514_195234.log
============================================================
