日志文件: outputs/finetune_logs/finetune_20260515_091052.log
============================================================
  个体推进器微调 v2
  设备: cuda
  微调用文件: 12/SN  |  Epochs: 30  lr: 0.0002
  模式: 冻结 LSTM 仅，Attention 可训练
  混合回放: 30% 背景 (分层, max 12 文件)
============================================================

============================================================
  计算 EWC Fisher 对角 (λ=10.0)...
============================================================
  (Fisher 背景: 无排除后数据，使用全体 1206 文件)
  背景数据: 11 文件, 7529 窗口, 涵盖 11/11 test_modes
  Fisher 计算完成: 200 批次, min=0.0000, max=76573.2734
    attention.in_proj_weight: mean=1.0000, std=230.4237
    attention.in_proj_bias: mean=1.0000, std=27.7088
    attention.out_proj.weight: mean=1.0000, std=156.6450
    attention.out_proj.bias: mean=1.0000, std=8.8654
    ln.weight: mean=1.0000, std=11.2409
    ln.bias: mean=1.0000, std=8.7836
    fc.0.weight: mean=1.0000, std=12.7108
    fc.0.bias: mean=1.0000, std=0.8551
    fc.3.weight: mean=1.0000, std=1.1399
    fc.3.bias: mean=1.0000, std=0.6034
  EWC 准备就绪: 10 个参数组, Fisher 范围 [0.000, 76573.273]

============================================================
  微调数据量: 12 文件/SN  EWC λ=10.0  |
============================================================

  SN13: 微调 12  |  验证 3  |  测试 88
    全局: thr=0.0909 N  mfr=92.14 mg/s  isp=20.14 s
      E  5/30  loss=0.000714  task=0.000271  ewc=0.000443  val=0.003232  best=0.003220@0
      Early stop @9
    微调后: thr=0.0873 (+4.0%)  mfr=82.41 (+10.6%)  isp=22.34 (-10.9%)
    遗忘检查: 全局均值=0.1426 → 微调后均值=0.2019  (ratio=1.416, 严重遗忘)

  SN14: 微调 12  |  验证 3  |  测试 84
    全局: thr=0.0876 N  mfr=41.37 mg/s  isp=16.70 s
      E  5/30  loss=0.000890  task=0.000266  ewc=0.000624  val=0.002635  best=0.002550@3
      E 10/30  loss=0.001679  task=0.000266  ewc=0.001413  val=0.002634  best=0.002550@3
      Early stop @12
    微调后: thr=0.0875 (+0.1%)  mfr=40.38 (+2.4%)  isp=16.61 (+0.5%)
    遗忘检查: 全局均值=0.1404 → 微调后均值=0.1925  (ratio=1.371, 严重遗忘)

  SN15: 微调 12  |  验证 3  |  测试 86
    全局: thr=0.0848 N  mfr=98.28 mg/s  isp=14.24 s
      E  5/30  loss=0.001630  task=0.001450  ewc=0.000180  val=0.000041  best=0.000041@4
      E 10/30  loss=0.001576  task=0.001331  ewc=0.000245  val=0.000035  best=0.000034@6
      E 15/30  loss=0.001431  task=0.001327  ewc=0.000105  val=0.000037  best=0.000034@6
      Early stop @15
    微调后: thr=0.0691 (+18.5%)  mfr=81.46 (+17.1%)  isp=14.90 (-4.6%)
    遗忘检查: 全局均值=0.1387 → 微调后均值=0.2773  (ratio=2.000, 严重遗忘)

  SN16: 微调 12  |  验证 3  |  测试 84
    全局: thr=0.0992 N  mfr=44.25 mg/s  isp=16.74 s
      E  5/30  loss=0.000755  task=0.000628  ewc=0.000128  val=0.001171  best=0.001153@3
      E 10/30  loss=0.001488  task=0.000627  ewc=0.000860  val=0.001220  best=0.001138@6
      E 15/30  loss=0.000686  task=0.000627  ewc=0.000059  val=0.001169  best=0.001138@6
      Early stop @15
    微调后: thr=0.0986 (+0.6%)  mfr=44.32 (-0.2%)  isp=16.62 (+0.7%)
    遗忘检查: 全局均值=0.1377 → 微调后均值=0.1853  (ratio=1.346, 严重遗忘)

  SN17: 微调 12  |  验证 3  |  测试 85
    全局: thr=0.0908 N  mfr=41.44 mg/s  isp=16.80 s
      E  5/30  loss=0.000586  task=0.000365  ewc=0.000221  val=0.002595  best=0.002515@2
      E 10/30  loss=0.000435  task=0.000364  ewc=0.000071  val=0.002603  best=0.002515@2
      Early stop @11
